<?xml version="1.0" encoding="UTF-8"?>
<!-- Generated by org.testng.reporters.JUnitXMLReporter -->
<testsuite hostname="prathap" ignored="0" name="Amazon" tests="6" failures="0" timestamp="04 Apr 2018 02:03:15 GMT" time="37.91" errors="0">
  <testcase name="signIN" time="5.055" classname="Test.Home"/>
  <testcase name="getupd" time="0.624" classname="Test.UserLogin"/>
  <testcase name="userName" time="0.052" classname="Test.UserLogin"/>
  <testcase name="userNameData" time="2.59" classname="Test.UserLogin"/>
  <testcase name="passWord" time="0.104" classname="Test.UserLogin"/>
  <testcase name="passWordData" time="29.42" classname="Test.UserLogin"/>
</testsuite> <!-- Amazon -->
