<?xml version="1.0" encoding="UTF-8"?>
<!-- Generated by org.testng.reporters.JUnitXMLReporter -->
<testsuite hostname="prathap" ignored="0" name="Amazon" tests="6" failures="0" timestamp="10 Apr 2018 21:09:46 GMT" time="6.422" errors="0">
  <testcase name="signIN" time="0.976" classname="Test.Home"/>
  <testcase name="getupd" time="0.693" classname="Test.UserLogin"/>
  <testcase name="userName" time="0.047" classname="Test.UserLogin"/>
  <testcase name="userNameData" time="1.325" classname="Test.UserLogin"/>
  <testcase name="passWord" time="0.077" classname="Test.UserLogin"/>
  <testcase name="passWordData" time="3.245" classname="Test.UserLogin"/>
</testsuite> <!-- Amazon -->
