<?xml version="1.0" encoding="UTF-8"?>
<!-- Generated by org.testng.reporters.JUnitXMLReporter -->
<testsuite hostname="prathap" ignored="1" name="Product" tests="4" failures="0" timestamp="10 Apr 2018 21:09:56 GMT" time="10.258" errors="0">
  <testcase name="searchProduct" time="3.313" classname="Test.ProductSearch"/>
  <testcase name="primeCCheck" time="0.332" classname="Test.ProductSearch"/>
  <testcase name="deliveryCheck" time="2.077" classname="Test.ProductSearch"/>
  <testcase name="minMaxClick" time="4.519" classname="Test.ProductSearch"/>
  <testcase name="searchButton" time="0.0" classname="Test.ProductSearch">
    <ignored/>
  </testcase> <!-- searchButton -->
</testsuite> <!-- Product -->
