<?xml version="1.0" encoding="UTF-8"?>
<!-- Generated by org.testng.reporters.JUnitXMLReporter -->
<testsuite hostname="prathap" ignored="1" name="Product" tests="4" failures="0" timestamp="04 Apr 2018 02:03:44 GMT" time="28.936" errors="0">
  <testcase name="searchProduct" time="20.755" classname="Test.ProductSearch"/>
  <testcase name="primeCCheck" time="0.397" classname="Test.ProductSearch"/>
  <testcase name="deliveryCheck" time="3.052" classname="Test.ProductSearch"/>
  <testcase name="minMaxClick" time="4.704" classname="Test.ProductSearch"/>
  <testcase name="searchButton" time="0.0" classname="Test.ProductSearch">
    <ignored/>
  </testcase> <!-- searchButton -->
</testsuite> <!-- Product -->
